cpanm (App::cpanminus) 1.7011 on perl 5.020000 built for x86_64-linux
Work directory is /home/isucon/.cpanm/work/1411788014.13562
You have make /usr/bin/make
You have /usr/bin/wget
You have /bin/tar: tar (GNU tar) 1.26
Copyright (C) 2011 Free Software Foundation, Inc.
License GPLv3+: GNU GPL version 3 or later <http://gnu.org/licenses/gpl.html>.
This is free software: you are free to change and redistribute it.
There is NO WARRANTY, to the extent permitted by law.

Written by John Gilmore and Jay Fenlason.
You have /usr/bin/unzip
Checking if you have ExtUtils::MakeMaker 6.58 ... Yes (6.98)
Checking if you have ExtUtils::Install 1.46 ... Yes (1.67)
--> Working on /home/isucon/webapp/perl/
Entering /home/isucon/webapp/perl
Configuring /home/isucon/webapp/perl
-> OK
Checking if you have Data::Dumper 0 ... Yes (2.151)
Checking if you have Digest::SHA 0 ... Yes (5.88)
Checking if you have File::Temp 0 ... Yes (0.2304)
Checking if you have JSON::XS 0 ... Yes (3.01)
Checking if you have DBD::mysql 0 ... Yes (4.028)
Checking if you have Kossy 0.19 ... Yes (0.38)
Checking if you have Time::Piece 0 ... Yes (1.27)
Checking if you have Starlet 0 ... Yes (0.24)
Checking if you have CHI 0 ... Yes (0.58)
Checking if you have Plack::Session 0 ... Yes (0.24)
Checking if you have Cache::FastMmap 0 ... No
Checking if you have DBIx::Sunny 0 ... Yes (0.22)
Checking if you have Starman 0 ... Yes (0.4010)
==> Found dependencies: Cache::FastMmap
Searching Cache::FastMmap on mirror index /home/isucon/webapp/perl/local/cache/modules/02packages.details.txt ...
Searching Cache::FastMmap on cpanmetadb ...
--> Working on Cache::FastMmap
Fetching http://cpan.metacpan.org/authors/id/R/RO/ROBM/Cache-FastMmap-1.40.tar.gz
-> OK
Unpacking Cache-FastMmap-1.40.tar.gz
Copying Cache-FastMmap-1.40.tar.gz to /home/isucon/webapp/perl/local/cache/authors/id/R/RO/ROBM/Cache-FastMmap-1.40.tar.gz
Entering Cache-FastMmap-1.40
Checking configure dependencies from META.yml
Checking if you have ExtUtils::MakeMaker 0 ... Yes (6.98)
Configuring Cache-FastMmap-1.40
Running Makefile.PL
Checking if your kit is complete...
Looks good
Generating a Unix-style Makefile
Writing Makefile for Cache::FastMmap
Writing MYMETA.yml and MYMETA.json
-> OK
Checking dependencies from MYMETA.json ...
Checking if you have ExtUtils::MakeMaker 0 ... Yes (6.98)
Checking if you have Storable 0 ... Yes (2.49)
Building Cache-FastMmap-1.40
cp lib/Cache/FastMmap.pm blib/lib/Cache/FastMmap.pm
Running Mkbootstrap for Cache::FastMmap ()
chmod 644 FastMmap.bs
/home/isucon/.local/perl/bin/perl /home/isucon/.local/perl/lib/5.20.0/ExtUtils/xsubpp  -typemap /home/isucon/.local/perl/lib/5.20.0/ExtUtils/typemap  FastMmap.xs > FastMmap.xsc && mv FastMmap.xsc FastMmap.c
cc -c  -I. -fwrapv -fno-strict-aliasing -pipe -fstack-protector -I/usr/local/include -D_LARGEFILE_SOURCE -D_FILE_OFFSET_BITS=64 -O2 -g   -DVERSION=\"1.40\" -DXS_VERSION=\"1.40\" -fPIC "-I/home/isucon/.local/perl/lib/5.20.0/x86_64-linux/CORE"   FastMmap.c
In file included from FastMmap.xs:5:0:
ppport.h:227:0: warning: "PERL_UNUSED_DECL" redefined [enabled by default]
 #  define PERL_UNUSED_DECL
 ^
In file included from FastMmap.xs:2:0:
/home/isucon/.local/perl/lib/5.20.0/x86_64-linux/CORE/perl.h:302:0: note: this is the location of the previous definition
 #    define PERL_UNUSED_DECL __attribute__unused__
 ^
cc -c  -I. -fwrapv -fno-strict-aliasing -pipe -fstack-protector -I/usr/local/include -D_LARGEFILE_SOURCE -D_FILE_OFFSET_BITS=64 -O2 -g   -DVERSION=\"1.40\" -DXS_VERSION=\"1.40\" -fPIC "-I/home/isucon/.local/perl/lib/5.20.0/x86_64-linux/CORE"   mmap_cache.c
cc -c  -I. -fwrapv -fno-strict-aliasing -pipe -fstack-protector -I/usr/local/include -D_LARGEFILE_SOURCE -D_FILE_OFFSET_BITS=64 -O2 -g   -DVERSION=\"1.40\" -DXS_VERSION=\"1.40\" -fPIC "-I/home/isucon/.local/perl/lib/5.20.0/x86_64-linux/CORE"   unix.c
rm -f blib/arch/auto/Cache/FastMmap/FastMmap.so
cc  -shared -O2 -g -L/usr/local/lib -fstack-protector FastMmap.o mmap_cache.o unix.o  -o blib/arch/auto/Cache/FastMmap/FastMmap.so 	\
	     	\
	  
chmod 755 blib/arch/auto/Cache/FastMmap/FastMmap.so
/home/isucon/.local/perl/bin/perl -MExtUtils::Command::MM -e 'cp_nonempty' -- FastMmap.bs blib/arch/auto/Cache/FastMmap/FastMmap.bs 644
Running Mkbootstrap for Cache::FastMmap ()
chmod 644 FastMmap.bs
Files found in blib/arch: installing files in blib/lib into architecture dependent library tree
Installing /home/isucon/webapp/perl/local/lib/perl5/x86_64-linux/auto/Cache/FastMmap/FastMmap.so
Installing /home/isucon/webapp/perl/local/lib/perl5/x86_64-linux/Cache/FastMmap.pm
Appending installation info to /home/isucon/webapp/perl/local/lib/perl5/x86_64-linux/perllocal.pod
-> OK
Successfully installed Cache-FastMmap-1.40
Installing /home/isucon/webapp/perl/local/lib/perl5/x86_64-linux/.meta/Cache-FastMmap-1.40/MYMETA.json
Installing /home/isucon/webapp/perl/local/lib/perl5/x86_64-linux/.meta/Cache-FastMmap-1.40/install.json
<== Installed dependencies for /home/isucon/webapp/perl/. Finishing.
1 distribution installed
